<?xml version="1.0" encoding="UTF-8"?>
<!-- Generated by org.testng.reporters.JUnitXMLReporter -->
<testsuite hostname="NuboatAir.local" name="Command line test" tests="7" failures="0" timestamp="21 Dec 2013 17:51:00 GMT" time="0.057" errors="0">
  <testcase name="testBottonLeftWithoutFriend" time="0.02" classname="com.thjug.gameoflife.CheckNGTest"/>
  <testcase name="testBottonrightWithoutFriend" time="0.0" classname="com.thjug.gameoflife.CheckNGTest"/>
  <testcase name="testMiddleWithoutFriend" time="0.001" classname="com.thjug.gameoflife.CheckNGTest"/>
  <testcase name="testTopLeftWithoutFriend" time="0.001" classname="com.thjug.gameoflife.CheckNGTest"/>
  <testcase name="testTopRightWithoutFriend" time="0.001" classname="com.thjug.gameoflife.CheckNGTest"/>
  <testcase name="topLeftSpotDeadWithTwoFriends" time="0.0" classname="com.thjug.gameoflife.CheckNGTest"/>
  <testcase name="topRebornWithTwoFriends" time="0.0" classname="com.thjug.gameoflife.CheckNGTest"/>
</testsuite> <!-- Command line test -->
